Collecting pickle5
  Using cached pickle5-0.0.11.tar.gz (132 kB)
  Preparing metadata (setup.py): started
  Preparing metadata (setup.py): finished with status 'done'
Building wheels for collected packages: pickle5
  Building wheel for pickle5 (setup.py): started
  Building wheel for pickle5 (setup.py): finished with status 'error'
  error: subprocess-exited-with-error
  
  × python setup.py bdist_wheel did not run successfully.
  │ exit code: 1
  ╰─> [175 lines of output]
      running bdist_wheel
      running build
      running build_py
      creating build
      creating build/lib.linux-x86_64-cpython-312
      creating build/lib.linux-x86_64-cpython-312/pickle5
      copying pickle5/pickle.py -> build/lib.linux-x86_64-cpython-312/pickle5
      copying pickle5/__init__.py -> build/lib.linux-x86_64-cpython-312/pickle5
      copying pickle5/pickletools.py -> build/lib.linux-x86_64-cpython-312/pickle5
      creating build/lib.linux-x86_64-cpython-312/pickle5/test
      copying pickle5/test/pickletester.py -> build/lib.linux-x86_64-cpython-312/pickle5/test
      copying pickle5/test/test_picklebuffer.py -> build/lib.linux-x86_64-cpython-312/pickle5/test
      copying pickle5/test/__init__.py -> build/lib.linux-x86_64-cpython-312/pickle5/test
      copying pickle5/test/test_pickle.py -> build/lib.linux-x86_64-cpython-312/pickle5/test
      running build_ext
      building 'pickle5._pickle' extension
      creating build/temp.linux-x86_64-cpython-312
      creating build/temp.linux-x86_64-cpython-312/pickle5
      /home/leeb/anaconda3/envs/square2D/bin/x86_64-conda-linux-gnu-cc -fno-strict-overflow -DNDEBUG -O2 -Wall -fPIC -O2 -isystem /home/leeb/anaconda3/envs/square2D/include -fPIC -O2 -isystem /home/leeb/anaconda3/envs/square2D/include -march=nocona -mtune=haswell -ftree-vectorize -fPIC -fstack-protector-strong -fno-plt -O2 -ffunction-sections -pipe -isystem /home/leeb/anaconda3/envs/square2D/include -DNDEBUG -D_FORTIFY_SOURCE=2 -O2 -isystem /home/leeb/anaconda3/envs/square2D/include -fPIC -I/home/leeb/anaconda3/envs/square2D/include/python3.12 -c pickle5/_pickle.c -o build/temp.linux-x86_64-cpython-312/pickle5/_pickle.o -std=c99
      pickle5/_pickle.c: In function 'Pdata_New':
      pickle5/_pickle.c:464:19: error: lvalue required as left operand of assignment
        464 |     Py_SIZE(self) = 0;
            |                   ^
      pickle5/_pickle.c: In function 'Pdata_clear':
      pickle5/_pickle.c:491:19: error: lvalue required as left operand of assignment
        491 |     Py_SIZE(self) = clearto;
            |                   ^
      pickle5/_pickle.c: In function 'Pdata_pop':
      pickle5/_pickle.c:542:23: error: lvalue required as decrement operand
        542 |     return self->data[--Py_SIZE(self)];
            |                       ^~
      pickle5/_pickle.c: In function 'Pdata_push':
      pickle5/_pickle.c:552:29: error: lvalue required as increment operand
        552 |     self->data[Py_SIZE(self)++] = obj;
            |                             ^~
      pickle5/_pickle.c: In function 'Pdata_poptuple':
      pickle5/_pickle.c:582:19: error: lvalue required as left operand of assignment
        582 |     Py_SIZE(self) = start;
            |                   ^
      pickle5/_pickle.c: In function 'Pdata_poplist':
      pickle5/_pickle.c:599:19: error: lvalue required as left operand of assignment
        599 |     Py_SIZE(self) = start;
            |                   ^
      In file included from pickle5/_pickle.c:719:
      pickle5/clinic/_pickle.c.h: In function '_pickle_Pickler___init__':
      pickle5/clinic/_pickle.c.h:110:37: warning: initialization of 'int' from 'void *' makes integer from pointer without a cast [-Wint-conversion]
        110 |     static _PyArg_Parser _parser = {NULL, _keywords, "Pickler", 0};
            |                                     ^~~~
      pickle5/clinic/_pickle.c.h:110:37: note: (near initialization for '_parser.initialized')
      pickle5/clinic/_pickle.c.h:110:43: warning: initialization of 'const char *' from incompatible pointer type 'const char * const*' [-Wincompatible-pointer-types]
        110 |     static _PyArg_Parser _parser = {NULL, _keywords, "Pickler", 0};
            |                                           ^~~~~~~~~
      pickle5/clinic/_pickle.c.h:110:43: note: (near initialization for '_parser.format')
      pickle5/clinic/_pickle.c.h:110:54: warning: initialization of 'const char * const*' from incompatible pointer type 'char *' [-Wincompatible-pointer-types]
        110 |     static _PyArg_Parser _parser = {NULL, _keywords, "Pickler", 0};
            |                                                      ^~~~~~~~~
      pickle5/clinic/_pickle.c.h:110:54: note: (near initialization for '_parser.keywords')
      pickle5/clinic/_pickle.c.h: In function '_pickle_Unpickler___init__':
      pickle5/clinic/_pickle.c.h:330:37: warning: initialization of 'int' from 'void *' makes integer from pointer without a cast [-Wint-conversion]
        330 |     static _PyArg_Parser _parser = {NULL, _keywords, "Unpickler", 0};
            |                                     ^~~~
      pickle5/clinic/_pickle.c.h:330:37: note: (near initialization for '_parser.initialized')
      pickle5/clinic/_pickle.c.h:330:43: warning: initialization of 'const char *' from incompatible pointer type 'const char * const*' [-Wincompatible-pointer-types]
        330 |     static _PyArg_Parser _parser = {NULL, _keywords, "Unpickler", 0};
            |                                           ^~~~~~~~~
      pickle5/clinic/_pickle.c.h:330:43: note: (near initialization for '_parser.format')
      pickle5/clinic/_pickle.c.h:330:54: warning: initialization of 'const char * const*' from incompatible pointer type 'char *' [-Wincompatible-pointer-types]
        330 |     static _PyArg_Parser _parser = {NULL, _keywords, "Unpickler", 0};
            |                                                      ^~~~~~~~~~~
      pickle5/clinic/_pickle.c.h:330:54: note: (near initialization for '_parser.keywords')
      pickle5/clinic/_pickle.c.h: In function '_pickle_dump':
      pickle5/clinic/_pickle.c.h:501:37: warning: initialization of 'int' from 'void *' makes integer from pointer without a cast [-Wint-conversion]
        501 |     static _PyArg_Parser _parser = {NULL, _keywords, "dump", 0};
            |                                     ^~~~
      pickle5/clinic/_pickle.c.h:501:37: note: (near initialization for '_parser.initialized')
      pickle5/clinic/_pickle.c.h:501:43: warning: initialization of 'const char *' from incompatible pointer type 'const char * const*' [-Wincompatible-pointer-types]
        501 |     static _PyArg_Parser _parser = {NULL, _keywords, "dump", 0};
            |                                           ^~~~~~~~~
      pickle5/clinic/_pickle.c.h:501:43: note: (near initialization for '_parser.format')
      pickle5/clinic/_pickle.c.h:501:54: warning: initialization of 'const char * const*' from incompatible pointer type 'char *' [-Wincompatible-pointer-types]
        501 |     static _PyArg_Parser _parser = {NULL, _keywords, "dump", 0};
            |                                                      ^~~~~~
      pickle5/clinic/_pickle.c.h:501:54: note: (near initialization for '_parser.keywords')
      pickle5/clinic/_pickle.c.h: In function '_pickle_dumps':
      pickle5/clinic/_pickle.c.h:582:37: warning: initialization of 'int' from 'void *' makes integer from pointer without a cast [-Wint-conversion]
        582 |     static _PyArg_Parser _parser = {NULL, _keywords, "dumps", 0};
            |                                     ^~~~
      pickle5/clinic/_pickle.c.h:582:37: note: (near initialization for '_parser.initialized')
      pickle5/clinic/_pickle.c.h:582:43: warning: initialization of 'const char *' from incompatible pointer type 'const char * const*' [-Wincompatible-pointer-types]
        582 |     static _PyArg_Parser _parser = {NULL, _keywords, "dumps", 0};
            |                                           ^~~~~~~~~
      pickle5/clinic/_pickle.c.h:582:43: note: (near initialization for '_parser.format')
      pickle5/clinic/_pickle.c.h:582:54: warning: initialization of 'const char * const*' from incompatible pointer type 'char *' [-Wincompatible-pointer-types]
        582 |     static _PyArg_Parser _parser = {NULL, _keywords, "dumps", 0};
            |                                                      ^~~~~~~
      pickle5/clinic/_pickle.c.h:582:54: note: (near initialization for '_parser.keywords')
      pickle5/clinic/_pickle.c.h: In function '_pickle_load':
      pickle5/clinic/_pickle.c.h:667:37: warning: initialization of 'int' from 'void *' makes integer from pointer without a cast [-Wint-conversion]
        667 |     static _PyArg_Parser _parser = {NULL, _keywords, "load", 0};
            |                                     ^~~~
      pickle5/clinic/_pickle.c.h:667:37: note: (near initialization for '_parser.initialized')
      pickle5/clinic/_pickle.c.h:667:43: warning: initialization of 'const char *' from incompatible pointer type 'const char * const*' [-Wincompatible-pointer-types]
        667 |     static _PyArg_Parser _parser = {NULL, _keywords, "load", 0};
            |                                           ^~~~~~~~~
      pickle5/clinic/_pickle.c.h:667:43: note: (near initialization for '_parser.format')
      pickle5/clinic/_pickle.c.h:667:54: warning: initialization of 'const char * const*' from incompatible pointer type 'char *' [-Wincompatible-pointer-types]
        667 |     static _PyArg_Parser _parser = {NULL, _keywords, "load", 0};
            |                                                      ^~~~~~
      pickle5/clinic/_pickle.c.h:667:54: note: (near initialization for '_parser.keywords')
      pickle5/clinic/_pickle.c.h: In function '_pickle_loads':
      pickle5/clinic/_pickle.c.h:770:37: warning: initialization of 'int' from 'void *' makes integer from pointer without a cast [-Wint-conversion]
        770 |     static _PyArg_Parser _parser = {NULL, _keywords, "loads", 0};
            |                                     ^~~~
      pickle5/clinic/_pickle.c.h:770:37: note: (near initialization for '_parser.initialized')
      pickle5/clinic/_pickle.c.h:770:43: warning: initialization of 'const char *' from incompatible pointer type 'const char * const*' [-Wincompatible-pointer-types]
        770 |     static _PyArg_Parser _parser = {NULL, _keywords, "loads", 0};
            |                                           ^~~~~~~~~
      pickle5/clinic/_pickle.c.h:770:43: note: (near initialization for '_parser.format')
      pickle5/clinic/_pickle.c.h:770:54: warning: initialization of 'const char * const*' from incompatible pointer type 'char *' [-Wincompatible-pointer-types]
        770 |     static _PyArg_Parser _parser = {NULL, _keywords, "loads", 0};
            |                                                      ^~~~~~~
      pickle5/clinic/_pickle.c.h:770:54: note: (near initialization for '_parser.keywords')
      pickle5/_pickle.c: In function '_Unpickler_ReadFromFile':
      pickle5/_pickle.c:1285:16: warning: implicit declaration of function '_PyObject_CallNoArg'; did you mean 'PyObject_CallNoArgs'? [-Wimplicit-function-declaration]
       1285 |         data = _PyObject_CallNoArg(self->readline);
            |                ^~~~~~~~~~~~~~~~~~~
            |                PyObject_CallNoArgs
      pickle5/_pickle.c:1285:14: warning: assignment to 'PyObject *' {aka 'struct _object *'} from 'int' makes pointer from integer without a cast [-Wint-conversion]
       1285 |         data = _PyObject_CallNoArg(self->readline);
            |              ^
      pickle5/_pickle.c: In function 'whichmodule':
      pickle5/_pickle.c:1937:15: warning: implicit declaration of function '_PySys_GetObjectId'; did you mean 'PySys_GetObject'? [-Wimplicit-function-declaration]
       1937 |     modules = _PySys_GetObjectId(&PyId_modules);
            |               ^~~~~~~~~~~~~~~~~~
            |               PySys_GetObject
      pickle5/_pickle.c:1937:13: warning: assignment to 'PyObject *' {aka 'struct _object *'} from 'int' makes pointer from integer without a cast [-Wint-conversion]
       1937 |     modules = _PySys_GetObjectId(&PyId_modules);
            |             ^
      pickle5/_pickle.c: In function 'save_float':
      pickle5/_pickle.c:2255:13: warning: implicit declaration of function '_PyFloat_Pack8'; did you mean 'PyFloat_Pack8'? [-Wimplicit-function-declaration]
       2255 |         if (_PyFloat_Pack8(x, (unsigned char *)&pdata[1], 0) < 0)
            |             ^~~~~~~~~~~~~~
            |             PyFloat_Pack8
      pickle5/_pickle.c: In function 'save':
      pickle5/_pickle.c:4452:30: warning: assignment to 'PyObject *' {aka 'struct _object *'} from 'int' makes pointer from integer without a cast [-Wint-conversion]
       4452 |                 reduce_value = _PyObject_CallNoArg(reduce_func);
            |                              ^
      pickle5/_pickle.c: In function 'load_binfloat':
      pickle5/_pickle.c:5428:9: warning: implicit declaration of function '_PyFloat_Unpack8'; did you mean 'PyFloat_Unpack8'? [-Wimplicit-function-declaration]
       5428 |     x = _PyFloat_Unpack8((unsigned char *)s, 0);
            |         ^~~~~~~~~~~~~~~~
            |         PyFloat_Unpack8
      pickle5/_pickle.c: In function 'load_pop':
      pickle5/_pickle.c:6178:30: error: lvalue required as left operand of assignment
       6178 |         Py_SIZE(self->stack) = len;
            |                              ^
      pickle5/_pickle.c: In function 'do_append':
      pickle5/_pickle.c:6535:42: error: lvalue required as left operand of assignment
       6535 |                     Py_SIZE(self->stack) = x;
            |                                          ^
      pickle5/_pickle.c:6541:34: error: lvalue required as left operand of assignment
       6541 |             Py_SIZE(self->stack) = x;
            |                                  ^
      pickle5/_pickle.c: In function 'load_additems':
      pickle5/_pickle.c:6663:38: error: lvalue required as left operand of assignment
       6663 |                 Py_SIZE(self->stack) = mark;
            |                                      ^
      pickle5/_pickle.c:6668:30: error: lvalue required as left operand of assignment
       6668 |         Py_SIZE(self->stack) = mark;
            |                              ^
      pickle5/_pickle.c: In function 'Pdata_pop':
      pickle5/_pickle.c:543:1: warning: control reaches end of non-void function [-Wreturn-type]
        543 | }
            | ^
      error: command '/home/leeb/anaconda3/envs/square2D/bin/x86_64-conda-linux-gnu-cc' failed with exit code 1
      [end of output]
  
  note: This error originates from a subprocess, and is likely not a problem with pip.
  ERROR: Failed building wheel for pickle5
  Running setup.py clean for pickle5
Failed to build pickle5
ERROR: Could not build wheels for pickle5, which is required to install pyproject.toml-based projects
